Array
(
    [device] => dell
    [price] => 1
    [model] => dell1
    [time] => 12:16
    [location] => chennai
    [date] => 2024-11-23
    [phone] => 123
    [facility] => M/s MG Traders
)
Array
(
    [device] => LAPTOP
    [price] => 564
    [model] => DELL
    [time] => 19:31
    [location] => kanchipuram
    [date] => 2024-11-29
    [phone] => 8884
    [facility] => M/s Earth Sense Recycle Private Limited
)
Array
(
    [device] => lenova
    [price] => 1
    [model] => 12
    [time] => 21:58
    [location] => chengalpattu
    [date] => 2024-11-21
    [phone] => 123
    [facility] => M/s Blooming Recyclers
)
Array
(
    [device] => lenova
    [price] => 1
    [model] => 12
    [time] => 21:58
    [location] => chennai
    [date] => 2024-11-21
    [phone] => 123
    [facility] => M/s Ecosible Recyclers Pvt Ltd
)
